<?xml version="1.0" encoding="UTF-8"?>
<!-- Generated by org.testng.reporters.JUnitReportReporter -->
<testsuite skipped="0" hostname="Ravinder" name="mavenNewpkg.MavenNewPro.DemoTest" tests="1" failures="0" timestamp="2020-09-09T11:03:08 IST" time="0.033" errors="0">
  <testcase name="sum" time="0.033" classname="mavenNewpkg.MavenNewPro.DemoTest"/>
  <system-out/>
</testsuite> <!-- mavenNewpkg.MavenNewPro.DemoTest -->
