<?xml version="1.0" encoding="UTF-8"?>
<!-- Generated by org.testng.reporters.JUnitReportReporter -->
<testsuite skipped="0" hostname="Ravinder" name="mavenNewpkg.MavenNewPro.DemoTest" tests="2" failures="0" timestamp="2020-09-08T20:12:41 IST" time="0.016" errors="0">
  <testcase name="sum" time="0.001" classname="mavenNewpkg.MavenNewPro.DemoTest"/>
  <system-out/>
  <testcase name="sub" time="0.015" classname="mavenNewpkg.MavenNewPro.DemoTest"/>
  <system-out/>
</testsuite> <!-- mavenNewpkg.MavenNewPro.DemoTest -->
